<?xml version="1.0" encoding="UTF-8"?>
<!-- Generated by org.testng.reporters.JUnitReportReporter -->
<testsuite skipped="0" hostname="DESKTOP-CBTHPKT" name="unitTestSuite.TestAnnualSalary" tests="1" failures="0" timestamp="01 Feb 2018 06:27:15 GMT" time="0.000" errors="0">
  <testcase name="testAnnualSal" time="0.000" classname="unitTestSuite.TestAnnualSalary"/>
</testsuite> <!-- unitTestSuite.TestAnnualSalary -->
