<?xml version="1.0" encoding="UTF-8"?>
<!-- Generated by org.testng.reporters.JUnitReportReporter -->
<testsuite skipped="0" hostname="DESKTOP-CBTHPKT" name="unitTestSuite.TestAppraisal" tests="3" failures="0" timestamp="01 Feb 2018 06:27:15 GMT" time="0.016" errors="0">
  <testcase name="testAppraisalEqualsTen" time="0.016" classname="unitTestSuite.TestAppraisal"/>
  <testcase name="testAppraisalLessThanTen" time="0.000" classname="unitTestSuite.TestAppraisal"/>
  <testcase name="testAppraisalMoreThanTen" time="0.000" classname="unitTestSuite.TestAppraisal"/>
</testsuite> <!-- unitTestSuite.TestAppraisal -->
